{"meta": {"format": 3, "version": "7.8.0", "timestamp": "2025-08-22T12:28:05.429995", "branch_coverage": false, "show_contexts": false}, "files": {"apps/__init__.py": {"executed_lines": [0], "summary": {"covered_lines": 0, "num_statements": 0, "percent_covered": 100.0, "percent_covered_display": "100", "missing_lines": 0, "excluded_lines": 0}, "missing_lines": [], "excluded_lines": [], "functions": {"": {"executed_lines": [], "summary": {"covered_lines": 0, "num_statements": 0, "percent_covered": 100.0, "percent_covered_display": "100", "missing_lines": 0, "excluded_lines": 0}, "missing_lines": [], "excluded_lines": []}}, "classes": {"": {"executed_lines": [], "summary": {"covered_lines": 0, "num_statements": 0, "percent_covered": 100.0, "percent_covered_display": "100", "missing_lines": 0, "excluded_lines": 0}, "missing_lines": [], "excluded_lines": []}}}, "apps/cache/__init__.py": {"executed_lines": [], "summary": {"covered_lines": 0, "num_statements": 0, "percent_covered": 100.0, "percent_covered_display": "100", "missing_lines": 0, "excluded_lines": 0}, "missing_lines": [], "excluded_lines": [], "functions": {"": {"executed_lines": [], "summary": {"covered_lines": 0, "num_statements": 0, "percent_covered": 100.0, "percent_covered_display": "100", "missing_lines": 0, "excluded_lines": 0}, "missing_lines": [], "excluded_lines": []}}, "classes": {"": {"executed_lines": [], "summary": {"covered_lines": 0, "num_statements": 0, "percent_covered": 100.0, "percent_covered_display": "100", "missing_lines": 0, "excluded_lines": 0}, "missing_lines": [], "excluded_lines": []}}}, "apps/cache/cache_store.py": {"executed_lines": [], "summary": {"covered_lines": 0, "num_statements": 80, "percent_covered": 0.0, "percent_covered_display": "0", "missing_lines": 80, "excluded_lines": 0}, "missing_lines": [3, 4, 5, 6, 9, 12, 13, 14, 16, 19, 21, 24, 26, 29, 31, 34, 45, 46, 48, 49, 51, 53, 54, 56, 57, 60, 61, 63, 65, 66, 69, 71, 72, 73, 74, 75, 77, 85, 87, 89, 90, 93, 104, 105, 107, 108, 110, 112, 115, 116, 119, 121, 122, 123, 125, 126, 129, 131, 132, 134, 136, 138, 139, 141, 143, 144, 146, 147, 149, 151, 153, 156, 158, 159, 161, 162, 163, 165, 167, 169], "excluded_lines": [], "functions": {"is_cache_enabled": {"executed_lines": [], "summary": {"covered_lines": 0, "num_statements": 1, "percent_covered": 0.0, "percent_covered_display": "0", "missing_lines": 1, "excluded_lines": 0}, "missing_lines": [21], "excluded_lines": []}, "get_cache_ttl": {"executed_lines": [], "summary": {"covered_lines": 0, "num_statements": 1, "percent_covered": 0.0, "percent_covered_display": "0", "missing_lines": 1, "excluded_lines": 0}, "missing_lines": [26], "excluded_lines": []}, "get_context_version": {"executed_lines": [], "summary": {"covered_lines": 0, "num_statements": 1, "percent_covered": 0.0, "percent_covered_display": "0", "missing_lines": 1, "excluded_lines": 0}, "missing_lines": [31], "excluded_lines": []}, "get_cached": {"executed_lines": [], "summary": {"covered_lines": 0, "num_statements": 25, "percent_covered": 0.0, "percent_covered_display": "0", "missing_lines": 25, "excluded_lines": 0}, "missing_lines": [45, 46, 48, 49, 51, 53, 54, 56, 57, 60, 61, 63, 65, 66, 69, 71, 72, 73, 74, 75, 77, 85, 87, 89, 90], "excluded_lines": []}, "set_cache": {"executed_lines": [], "summary": {"covered_lines": 0, "num_statements": 29, "percent_covered": 0.0, "percent_covered_display": "0", "missing_lines": 29, "excluded_lines": 0}, "missing_lines": [104, 105, 107, 108, 110, 112, 115, 116, 119, 121, 122, 123, 125, 126, 129, 131, 132, 134, 136, 138, 139, 141, 143, 144, 146, 147, 149, 151, 153], "excluded_lines": []}, "clear_expired_cache": {"executed_lines": [], "summary": {"covered_lines": 0, "num_statements": 8, "percent_covered": 0.0, "percent_covered_display": "0", "missing_lines": 8, "excluded_lines": 0}, "missing_lines": [158, 159, 161, 162, 163, 165, 167, 169], "excluded_lines": []}, "": {"executed_lines": [], "summary": {"covered_lines": 0, "num_statements": 15, "percent_covered": 0.0, "percent_covered_display": "0", "missing_lines": 15, "excluded_lines": 0}, "missing_lines": [3, 4, 5, 6, 9, 12, 13, 14, 16, 19, 24, 29, 34, 93, 156], "excluded_lines": []}}, "classes": {"": {"executed_lines": [], "summary": {"covered_lines": 0, "num_statements": 80, "percent_covered": 0.0, "percent_covered_display": "0", "missing_lines": 80, "excluded_lines": 0}, "missing_lines": [3, 4, 5, 6, 9, 12, 13, 14, 16, 19, 21, 24, 26, 29, 31, 34, 45, 46, 48, 49, 51, 53, 54, 56, 57, 60, 61, 63, 65, 66, 69, 71, 72, 73, 74, 75, 77, 85, 87, 89, 90, 93, 104, 105, 107, 108, 110, 112, 115, 116, 119, 121, 122, 123, 125, 126, 129, 131, 132, 134, 136, 138, 139, 141, 143, 144, 146, 147, 149, 151, 153, 156, 158, 159, 161, 162, 163, 165, 167, 169], "excluded_lines": []}}}, "apps/db/__init__.py": {"executed_lines": [1], "summary": {"covered_lines": 0, "num_statements": 0, "percent_covered": 100.0, "percent_covered_display": "100", "missing_lines": 0, "excluded_lines": 0}, "missing_lines": [], "excluded_lines": [], "functions": {"": {"executed_lines": [1], "summary": {"covered_lines": 0, "num_statements": 0, "percent_covered": 100.0, "percent_covered_display": "100", "missing_lines": 0, "excluded_lines": 0}, "missing_lines": [], "excluded_lines": []}}, "classes": {"": {"executed_lines": [1], "summary": {"covered_lines": 0, "num_statements": 0, "percent_covered": 100.0, "percent_covered_display": "100", "missing_lines": 0, "excluded_lines": 0}, "missing_lines": [], "excluded_lines": []}}}, "apps/db/eval_logger.py": {"executed_lines": [], "summary": {"covered_lines": 0, "num_statements": 36, "percent_covered": 0.0, "percent_covered_display": "0", "missing_lines": 36, "excluded_lines": 0}, "missing_lines": [3, 4, 5, 6, 7, 10, 11, 12, 14, 17, 20, 22, 23, 26, 31, 34, 36, 37, 38, 41, 59, 60, 61, 63, 64, 65, 67, 69, 70, 73, 74, 75, 81, 90, 92, 94], "excluded_lines": [], "functions": {"is_logging_enabled": {"executed_lines": [], "summary": {"covered_lines": 0, "num_statements": 4, "percent_covered": 0.0, "percent_covered_display": "0", "missing_lines": 4, "excluded_lines": 0}, "missing_lines": [22, 23, 26, 31], "excluded_lines": []}, "ensure_tables_note": {"executed_lines": [], "summary": {"covered_lines": 0, "num_statements": 3, "percent_covered": 0.0, "percent_covered_display": "0", "missing_lines": 3, "excluded_lines": 0}, "missing_lines": [36, 37, 38], "excluded_lines": []}, "log_evaluation_results": {"executed_lines": [], "summary": {"covered_lines": 0, "num_statements": 16, "percent_covered": 0.0, "percent_covered_display": "0", "missing_lines": 16, "excluded_lines": 0}, "missing_lines": [59, 60, 61, 63, 64, 65, 67, 69, 70, 73, 74, 75, 81, 90, 92, 94], "excluded_lines": []}, "": {"executed_lines": [], "summary": {"covered_lines": 0, "num_statements": 13, "percent_covered": 0.0, "percent_covered_display": "0", "missing_lines": 13, "excluded_lines": 0}, "missing_lines": [3, 4, 5, 6, 7, 10, 11, 12, 14, 17, 20, 34, 41], "excluded_lines": []}}, "classes": {"": {"executed_lines": [], "summary": {"covered_lines": 0, "num_statements": 36, "percent_covered": 0.0, "percent_covered_display": "0", "missing_lines": 36, "excluded_lines": 0}, "missing_lines": [3, 4, 5, 6, 7, 10, 11, 12, 14, 17, 20, 22, 23, 26, 31, 34, 36, 37, 38, 41, 59, 60, 61, 63, 64, 65, 67, 69, 70, 73, 74, 75, 81, 90, 92, 94], "excluded_lines": []}}}, "apps/db/run_context.py": {"executed_lines": [], "summary": {"covered_lines": 0, "num_statements": 9, "percent_covered": 0.0, "percent_covered_display": "0", "missing_lines": 9, "excluded_lines": 0}, "missing_lines": [4, 7, 10, 13, 15, 18, 20, 23, 26], "excluded_lines": [], "functions": {"set_run_id": {"executed_lines": [], "summary": {"covered_lines": 0, "num_statements": 1, "percent_covered": 0.0, "percent_covered_display": "0", "missing_lines": 1, "excluded_lines": 0}, "missing_lines": [10], "excluded_lines": []}, "get_run_id": {"executed_lines": [], "summary": {"covered_lines": 0, "num_statements": 1, "percent_covered": 0.0, "percent_covered_display": "0", "missing_lines": 1, "excluded_lines": 0}, "missing_lines": [15], "excluded_lines": []}, "has_run_id": {"executed_lines": [], "summary": {"covered_lines": 0, "num_statements": 1, "percent_covered": 0.0, "percent_covered_display": "0", "missing_lines": 1, "excluded_lines": 0}, "missing_lines": [20], "excluded_lines": []}, "clear_run_id": {"executed_lines": [], "summary": {"covered_lines": 0, "num_statements": 1, "percent_covered": 0.0, "percent_covered_display": "0", "missing_lines": 1, "excluded_lines": 0}, "missing_lines": [26], "excluded_lines": []}, "": {"executed_lines": [], "summary": {"covered_lines": 0, "num_statements": 5, "percent_covered": 0.0, "percent_covered_display": "0", "missing_lines": 5, "excluded_lines": 0}, "missing_lines": [4, 7, 13, 18, 23], "excluded_lines": []}}, "classes": {"": {"executed_lines": [], "summary": {"covered_lines": 0, "num_statements": 9, "percent_covered": 0.0, "percent_covered_display": "0", "missing_lines": 9, "excluded_lines": 0}, "missing_lines": [4, 7, 10, 13, 15, 18, 20, 23, 26], "excluded_lines": []}}}, "apps/db/snowflake_client.py": {"executed_lines": [1, 3, 4, 5, 6, 7, 8, 9, 12, 15, 26, 37, 38, 40, 41, 42, 46, 47, 49, 55, 57, 58, 63, 64, 74, 75, 77, 78, 79, 80, 83, 84, 85, 88, 89, 90, 95, 103, 113, 115, 116, 117, 120, 121, 123, 125, 130, 133], "summary": {"covered_lines": 47, "num_statements": 60, "percent_covered": 78.33333333333333, "percent_covered_display": "78", "missing_lines": 13, "excluded_lines": 0}, "missing_lines": [43, 50, 59, 60, 86, 87, 91, 92, 140, 141, 142, 143, 144], "excluded_lines": [], "functions": {"get_snowflake_connection": {"executed_lines": [26, 37, 38, 40, 41, 42, 46, 47, 49, 55, 57, 58], "summary": {"covered_lines": 12, "num_statements": 16, "percent_covered": 75.0, "percent_covered_display": "75", "missing_lines": 4, "excluded_lines": 0}, "missing_lines": [43, 50, 59, 60], "excluded_lines": []}, "snowflake_cursor": {"executed_lines": [74, 75, 77, 78, 79, 80, 83, 84, 85, 88, 89, 90], "summary": {"covered_lines": 12, "num_statements": 16, "percent_covered": 75.0, "percent_covered_display": "75", "missing_lines": 4, "excluded_lines": 0}, "missing_lines": [86, 87, 91, 92], "excluded_lines": []}, "env_summary": {"executed_lines": [103, 113, 115, 116, 117, 120, 121, 123, 125, 130], "summary": {"covered_lines": 10, "num_statements": 10, "percent_covered": 100.0, "percent_covered_display": "100", "missing_lines": 0, "excluded_lines": 0}, "missing_lines": [], "excluded_lines": []}, "validate_connection": {"executed_lines": [], "summary": {"covered_lines": 0, "num_statements": 5, "percent_covered": 0.0, "percent_covered_display": "0", "missing_lines": 5, "excluded_lines": 0}, "missing_lines": [140, 141, 142, 143, 144], "excluded_lines": []}, "": {"executed_lines": [1, 3, 4, 5, 6, 7, 8, 9, 12, 15, 63, 64, 95, 133], "summary": {"covered_lines": 13, "num_statements": 13, "percent_covered": 100.0, "percent_covered_display": "100", "missing_lines": 0, "excluded_lines": 0}, "missing_lines": [], "excluded_lines": []}}, "classes": {"": {"executed_lines": [1, 3, 4, 5, 6, 7, 8, 9, 12, 15, 26, 37, 38, 40, 41, 42, 46, 47, 49, 55, 57, 58, 63, 64, 74, 75, 77, 78, 79, 80, 83, 84, 85, 88, 89, 90, 95, 103, 113, 115, 116, 117, 120, 121, 123, 125, 130, 133], "summary": {"covered_lines": 47, "num_statements": 60, "percent_covered": 78.33333333333333, "percent_covered_display": "78", "missing_lines": 13, "excluded_lines": 0}, "missing_lines": [43, 50, 59, 60, 86, 87, 91, 92, 140, 141, 142, 143, 144], "excluded_lines": []}}}, "apps/observability/__init__.py": {"executed_lines": [], "summary": {"covered_lines": 0, "num_statements": 0, "percent_covered": 100.0, "percent_covered_display": "100", "missing_lines": 0, "excluded_lines": 0}, "missing_lines": [], "excluded_lines": [], "functions": {"": {"executed_lines": [], "summary": {"covered_lines": 0, "num_statements": 0, "percent_covered": 100.0, "percent_covered_display": "100", "missing_lines": 0, "excluded_lines": 0}, "missing_lines": [], "excluded_lines": []}}, "classes": {"": {"executed_lines": [], "summary": {"covered_lines": 0, "num_statements": 0, "percent_covered": 100.0, "percent_covered_display": "100", "missing_lines": 0, "excluded_lines": 0}, "missing_lines": [], "excluded_lines": []}}}, "apps/observability/live_eval.py": {"executed_lines": [], "summary": {"covered_lines": 0, "num_statements": 78, "percent_covered": 0.0, "percent_covered_display": "0", "missing_lines": 78, "excluded_lines": 0}, "missing_lines": [3, 4, 5, 8, 11, 12, 13, 14, 15, 17, 18, 19, 20, 23, 25, 28, 30, 31, 32, 35, 47, 48, 50, 51, 53, 55, 62, 64, 66, 68, 69, 72, 82, 83, 85, 86, 88, 90, 93, 94, 95, 96, 99, 100, 101, 102, 103, 104, 106, 108, 109, 112, 122, 123, 125, 126, 128, 130, 137, 138, 140, 141, 142, 144, 146, 148, 149, 152, 164, 165, 167, 170, 171, 174, 175, 178, 179, 181], "excluded_lines": [], "functions": {"is_live_eval_enabled": {"executed_lines": [], "summary": {"covered_lines": 0, "num_statements": 1, "percent_covered": 0.0, "percent_covered_display": "0", "missing_lines": 1, "excluded_lines": 0}, "missing_lines": [25], "excluded_lines": []}, "_has_provider_keys": {"executed_lines": [], "summary": {"covered_lines": 0, "num_statements": 3, "percent_covered": 0.0, "percent_covered_display": "0", "missing_lines": 3, "excluded_lines": 0}, "missing_lines": [30, 31, 32], "excluded_lines": []}, "evaluate_one": {"executed_lines": [], "summary": {"covered_lines": 0, "num_statements": 11, "percent_covered": 0.0, "percent_covered_display": "0", "missing_lines": 11, "excluded_lines": 0}, "missing_lines": [47, 48, 50, 51, 53, 55, 62, 64, 66, 68, 69], "excluded_lines": []}, "validate_guardrails": {"executed_lines": [], "summary": {"covered_lines": 0, "num_statements": 19, "percent_covered": 0.0, "percent_covered_display": "0", "missing_lines": 19, "excluded_lines": 0}, "missing_lines": [82, 83, 85, 86, 88, 90, 93, 94, 95, 96, 99, 100, 101, 102, 103, 104, 106, 108, 109], "excluded_lines": []}, "scan_safety_violations": {"executed_lines": [], "summary": {"covered_lines": 0, "num_statements": 15, "percent_covered": 0.0, "percent_covered_display": "0", "missing_lines": 15, "excluded_lines": 0}, "missing_lines": [122, 123, 125, 126, 128, 130, 137, 138, 140, 141, 142, 144, 146, 148, 149], "excluded_lines": []}, "evaluate_comprehensive": {"executed_lines": [], "summary": {"covered_lines": 0, "num_statements": 10, "percent_covered": 0.0, "percent_covered_display": "0", "missing_lines": 10, "excluded_lines": 0}, "missing_lines": [164, 165, 167, 170, 171, 174, 175, 178, 179, 181], "excluded_lines": []}, "": {"executed_lines": [], "summary": {"covered_lines": 0, "num_statements": 19, "percent_covered": 0.0, "percent_covered_display": "0", "missing_lines": 19, "excluded_lines": 0}, "missing_lines": [3, 4, 5, 8, 11, 12, 13, 14, 15, 17, 18, 19, 20, 23, 28, 35, 72, 112, 152], "excluded_lines": []}}, "classes": {"": {"executed_lines": [], "summary": {"covered_lines": 0, "num_statements": 78, "percent_covered": 0.0, "percent_covered_display": "0", "missing_lines": 78, "excluded_lines": 0}, "missing_lines": [3, 4, 5, 8, 11, 12, 13, 14, 15, 17, 18, 19, 20, 23, 25, 28, 30, 31, 32, 35, 47, 48, 50, 51, 53, 55, 62, 64, 66, 68, 69, 72, 82, 83, 85, 86, 88, 90, 93, 94, 95, 96, 99, 100, 101, 102, 103, 104, 106, 108, 109, 112, 122, 123, 125, 126, 128, 130, 137, 138, 140, 141, 142, 144, 146, 148, 149, 152, 164, 165, 167, 170, 171, 174, 175, 178, 179, 181], "excluded_lines": []}}}, "apps/observability/log_service.py": {"executed_lines": [], "summary": {"covered_lines": 0, "num_statements": 66, "percent_covered": 0.0, "percent_covered_display": "0", "missing_lines": 66, "excluded_lines": 0}, "missing_lines": [3, 4, 5, 6, 7, 10, 13, 14, 15, 16, 17, 19, 20, 21, 24, 26, 29, 31, 34, 36, 37, 39, 45, 58, 60, 62, 63, 64, 66, 68, 71, 73, 74, 75, 77, 78, 80, 86, 88, 89, 91, 97, 99, 101, 102, 105, 116, 117, 119, 120, 122, 124, 126, 134, 136, 139, 149, 150, 152, 153, 155, 156, 157, 159, 167, 169], "excluded_lines": [], "functions": {"is_logging_enabled": {"executed_lines": [], "summary": {"covered_lines": 0, "num_statements": 1, "percent_covered": 0.0, "percent_covered_display": "0", "missing_lines": 1, "excluded_lines": 0}, "missing_lines": [26], "excluded_lines": []}, "is_live_eval_enabled": {"executed_lines": [], "summary": {"covered_lines": 0, "num_statements": 1, "percent_covered": 0.0, "percent_covered_display": "0", "missing_lines": 1, "excluded_lines": 0}, "missing_lines": [31], "excluded_lines": []}, "_get_provider_info": {"executed_lines": [], "summary": {"covered_lines": 0, "num_statements": 3, "percent_covered": 0.0, "percent_covered_display": "0", "missing_lines": 3, "excluded_lines": 0}, "missing_lines": [36, 37, 39], "excluded_lines": []}, "start_log": {"executed_lines": [], "summary": {"covered_lines": 0, "num_statements": 22, "percent_covered": 0.0, "percent_covered_display": "0", "missing_lines": 22, "excluded_lines": 0}, "missing_lines": [58, 60, 62, 63, 64, 66, 68, 71, 73, 74, 75, 77, 78, 80, 86, 88, 89, 91, 97, 99, 101, 102], "excluded_lines": []}, "finish_log": {"executed_lines": [], "summary": {"covered_lines": 0, "num_statements": 9, "percent_covered": 0.0, "percent_covered_display": "0", "missing_lines": 9, "excluded_lines": 0}, "missing_lines": [116, 117, 119, 120, 122, 124, 126, 134, 136], "excluded_lines": []}, "log_eval_metrics": {"executed_lines": [], "summary": {"covered_lines": 0, "num_statements": 10, "percent_covered": 0.0, "percent_covered_display": "0", "missing_lines": 10, "excluded_lines": 0}, "missing_lines": [149, 150, 152, 153, 155, 156, 157, 159, 167, 169], "excluded_lines": []}, "": {"executed_lines": [], "summary": {"covered_lines": 0, "num_statements": 20, "percent_covered": 0.0, "percent_covered_display": "0", "missing_lines": 20, "excluded_lines": 0}, "missing_lines": [3, 4, 5, 6, 7, 10, 13, 14, 15, 16, 17, 19, 20, 21, 24, 29, 34, 45, 105, 139], "excluded_lines": []}}, "classes": {"": {"executed_lines": [], "summary": {"covered_lines": 0, "num_statements": 66, "percent_covered": 0.0, "percent_covered_display": "0", "missing_lines": 66, "excluded_lines": 0}, "missing_lines": [3, 4, 5, 6, 7, 10, 13, 14, 15, 16, 17, 19, 20, 21, 24, 26, 29, 31, 34, 36, 37, 39, 45, 58, 60, 62, 63, 64, 66, 68, 71, 73, 74, 75, 77, 78, 80, 86, 88, 89, 91, 97, 99, 101, 102, 105, 116, 117, 119, 120, 122, 124, 126, 134, 136, 139, 149, 150, 152, 153, 155, 156, 157, 159, 167, 169], "excluded_lines": []}}}, "apps/rag_service/__init__.py": {"executed_lines": [], "summary": {"covered_lines": 0, "num_statements": 0, "percent_covered": 100.0, "percent_covered_display": "100", "missing_lines": 0, "excluded_lines": 0}, "missing_lines": [], "excluded_lines": [], "functions": {"": {"executed_lines": [], "summary": {"covered_lines": 0, "num_statements": 0, "percent_covered": 100.0, "percent_covered_display": "100", "missing_lines": 0, "excluded_lines": 0}, "missing_lines": [], "excluded_lines": []}}, "classes": {"": {"executed_lines": [], "summary": {"covered_lines": 0, "num_statements": 0, "percent_covered": 100.0, "percent_covered_display": "100", "missing_lines": 0, "excluded_lines": 0}, "missing_lines": [], "excluded_lines": []}}}, "apps/rag_service/config.py": {"executed_lines": [], "summary": {"covered_lines": 0, "num_statements": 24, "percent_covered": 0.0, "percent_covered_display": "0", "missing_lines": 24, "excluded_lines": 0}, "missing_lines": [3, 4, 5, 8, 11, 14, 15, 16, 17, 18, 19, 20, 22, 24, 25, 26, 27, 31, 34, 35, 36, 39, 41, 42], "excluded_lines": [], "functions": {"Config.__init__": {"executed_lines": [], "summary": {"covered_lines": 0, "num_statements": 6, "percent_covered": 0.0, "percent_covered_display": "0", "missing_lines": 6, "excluded_lines": 0}, "missing_lines": [15, 16, 17, 18, 19, 20], "excluded_lines": []}, "Config.validate": {"executed_lines": [], "summary": {"covered_lines": 0, "num_statements": 4, "percent_covered": 0.0, "percent_covered_display": "0", "missing_lines": 4, "excluded_lines": 0}, "missing_lines": [24, 25, 26, 27], "excluded_lines": []}, "get_provider_chat": {"executed_lines": [], "summary": {"covered_lines": 0, "num_statements": 2, "percent_covered": 0.0, "percent_covered_display": "0", "missing_lines": 2, "excluded_lines": 0}, "missing_lines": [41, 42], "excluded_lines": []}, "": {"executed_lines": [], "summary": {"covered_lines": 0, "num_statements": 12, "percent_covered": 0.0, "percent_covered_display": "0", "missing_lines": 12, "excluded_lines": 0}, "missing_lines": [3, 4, 5, 8, 11, 14, 22, 31, 34, 35, 36, 39], "excluded_lines": []}}, "classes": {"Config": {"executed_lines": [], "summary": {"covered_lines": 0, "num_statements": 10, "percent_covered": 0.0, "percent_covered_display": "0", "missing_lines": 10, "excluded_lines": 0}, "missing_lines": [15, 16, 17, 18, 19, 20, 24, 25, 26, 27], "excluded_lines": []}, "": {"executed_lines": [], "summary": {"covered_lines": 0, "num_statements": 14, "percent_covered": 0.0, "percent_covered_display": "0", "missing_lines": 14, "excluded_lines": 0}, "missing_lines": [3, 4, 5, 8, 11, 14, 22, 31, 34, 35, 36, 39, 41, 42], "excluded_lines": []}}}, "apps/rag_service/main.py": {"executed_lines": [], "summary": {"covered_lines": 0, "num_statements": 92, "percent_covered": 0.0, "percent_covered_display": "0", "missing_lines": 92, "excluded_lines": 0}, "missing_lines": [3, 4, 5, 6, 7, 8, 10, 11, 12, 13, 14, 15, 18, 19, 22, 29, 31, 33, 35, 36, 39, 42, 43, 47, 49, 52, 58, 59, 60, 61, 63, 64, 66, 67, 68, 71, 72, 74, 77, 78, 80, 89, 90, 100, 101, 106, 107, 109, 111, 112, 113, 116, 118, 120, 121, 122, 125, 126, 128, 129, 131, 134, 137, 140, 143, 144, 145, 147, 148, 151, 152, 153, 154, 155, 158, 159, 160, 161, 162, 163, 166, 167, 169, 171, 173, 174, 175, 177, 178, 184, 185, 186], "excluded_lines": [], "functions": {"startup_event": {"executed_lines": [], "summary": {"covered_lines": 0, "num_statements": 12, "percent_covered": 0.0, "percent_covered_display": "0", "missing_lines": 12, "excluded_lines": 0}, "missing_lines": [47, 49, 52, 58, 59, 60, 61, 63, 64, 66, 67, 68], "excluded_lines": []}, "root": {"executed_lines": [], "summary": {"covered_lines": 0, "num_statements": 1, "percent_covered": 0.0, "percent_covered_display": "0", "missing_lines": 1, "excluded_lines": 0}, "missing_lines": [74], "excluded_lines": []}, "health": {"executed_lines": [], "summary": {"covered_lines": 0, "num_statements": 1, "percent_covered": 0.0, "percent_covered_display": "0", "missing_lines": 1, "excluded_lines": 0}, "missing_lines": [80], "excluded_lines": []}, "ask": {"executed_lines": [], "summary": {"covered_lines": 0, "num_statements": 46, "percent_covered": 0.0, "percent_covered_display": "0", "missing_lines": 46, "excluded_lines": 0}, "missing_lines": [100, 101, 106, 107, 109, 111, 112, 113, 116, 118, 120, 121, 122, 125, 126, 128, 129, 131, 134, 137, 140, 143, 144, 145, 147, 148, 151, 152, 153, 154, 155, 158, 159, 160, 161, 162, 163, 166, 167, 169, 171, 173, 174, 175, 177, 178], "excluded_lines": []}, "": {"executed_lines": [], "summary": {"covered_lines": 0, "num_statements": 32, "percent_covered": 0.0, "percent_covered_display": "0", "missing_lines": 32, "excluded_lines": 0}, "missing_lines": [3, 4, 5, 6, 7, 8, 10, 11, 12, 13, 14, 15, 18, 19, 22, 29, 31, 33, 35, 36, 39, 42, 43, 71, 72, 77, 78, 89, 90, 184, 185, 186], "excluded_lines": []}}, "classes": {"QueryRequest": {"executed_lines": [], "summary": {"covered_lines": 0, "num_statements": 0, "percent_covered": 100.0, "percent_covered_display": "100", "missing_lines": 0, "excluded_lines": 0}, "missing_lines": [], "excluded_lines": []}, "QueryResponse": {"executed_lines": [], "summary": {"covered_lines": 0, "num_statements": 0, "percent_covered": 100.0, "percent_covered_display": "100", "missing_lines": 0, "excluded_lines": 0}, "missing_lines": [], "excluded_lines": []}, "": {"executed_lines": [], "summary": {"covered_lines": 0, "num_statements": 92, "percent_covered": 0.0, "percent_covered_display": "0", "missing_lines": 92, "excluded_lines": 0}, "missing_lines": [3, 4, 5, 6, 7, 8, 10, 11, 12, 13, 14, 15, 18, 19, 22, 29, 31, 33, 35, 36, 39, 42, 43, 47, 49, 52, 58, 59, 60, 61, 63, 64, 66, 67, 68, 71, 72, 74, 77, 78, 80, 89, 90, 100, 101, 106, 107, 109, 111, 112, 113, 116, 118, 120, 121, 122, 125, 126, 128, 129, 131, 134, 137, 140, 143, 144, 145, 147, 148, 151, 152, 153, 154, 155, 158, 159, 160, 161, 162, 163, 166, 167, 169, 171, 173, 174, 175, 177, 178, 184, 185, 186], "excluded_lines": []}}}, "apps/rag_service/rag_pipeline.py": {"executed_lines": [], "summary": {"covered_lines": 0, "num_statements": 60, "percent_covered": 0.0, "percent_covered_display": "0", "missing_lines": 60, "excluded_lines": 0}, "missing_lines": [3, 4, 5, 6, 7, 8, 9, 10, 13, 15, 16, 19, 22, 30, 31, 32, 36, 37, 38, 39, 41, 49, 50, 51, 52, 53, 54, 55, 57, 58, 61, 64, 65, 68, 69, 72, 73, 75, 77, 87, 88, 91, 92, 95, 98, 101, 102, 103, 104, 106, 108, 120, 123, 131, 132, 134, 136, 146, 147, 149], "excluded_lines": [], "functions": {"RAGPipeline.__init__": {"executed_lines": [], "summary": {"covered_lines": 0, "num_statements": 7, "percent_covered": 0.0, "percent_covered_display": "0", "missing_lines": 7, "excluded_lines": 0}, "missing_lines": [30, 31, 32, 36, 37, 38, 39], "excluded_lines": []}, "RAGPipeline.build_index_from_passages": {"executed_lines": [], "summary": {"covered_lines": 0, "num_statements": 17, "percent_covered": 0.0, "percent_covered_display": "0", "missing_lines": 17, "excluded_lines": 0}, "missing_lines": [49, 50, 51, 52, 53, 54, 55, 57, 58, 61, 64, 65, 68, 69, 72, 73, 75], "excluded_lines": []}, "RAGPipeline.retrieve": {"executed_lines": [], "summary": {"covered_lines": 0, "num_statements": 11, "percent_covered": 0.0, "percent_covered_display": "0", "missing_lines": 11, "excluded_lines": 0}, "missing_lines": [87, 88, 91, 92, 95, 98, 101, 102, 103, 104, 106], "excluded_lines": []}, "RAGPipeline.answer": {"executed_lines": [], "summary": {"covered_lines": 0, "num_statements": 5, "percent_covered": 0.0, "percent_covered_display": "0", "missing_lines": 5, "excluded_lines": 0}, "missing_lines": [120, 123, 131, 132, 134], "excluded_lines": []}, "RAGPipeline.query": {"executed_lines": [], "summary": {"covered_lines": 0, "num_statements": 3, "percent_covered": 0.0, "percent_covered_display": "0", "missing_lines": 3, "excluded_lines": 0}, "missing_lines": [146, 147, 149], "excluded_lines": []}, "": {"executed_lines": [], "summary": {"covered_lines": 0, "num_statements": 17, "percent_covered": 0.0, "percent_covered_display": "0", "missing_lines": 17, "excluded_lines": 0}, "missing_lines": [3, 4, 5, 6, 7, 8, 9, 10, 13, 15, 16, 19, 22, 41, 77, 108, 136], "excluded_lines": []}}, "classes": {"RAGPipeline": {"executed_lines": [], "summary": {"covered_lines": 0, "num_statements": 43, "percent_covered": 0.0, "percent_covered_display": "0", "missing_lines": 43, "excluded_lines": 0}, "missing_lines": [30, 31, 32, 36, 37, 38, 39, 49, 50, 51, 52, 53, 54, 55, 57, 58, 61, 64, 65, 68, 69, 72, 73, 75, 87, 88, 91, 92, 95, 98, 101, 102, 103, 104, 106, 120, 123, 131, 132, 134, 146, 147, 149], "excluded_lines": []}, "": {"executed_lines": [], "summary": {"covered_lines": 0, "num_statements": 17, "percent_covered": 0.0, "percent_covered_display": "0", "missing_lines": 17, "excluded_lines": 0}, "missing_lines": [3, 4, 5, 6, 7, 8, 9, 10, 13, 15, 16, 19, 22, 41, 77, 108, 136], "excluded_lines": []}}}, "apps/testing/neg_utils.py": {"executed_lines": [1, 8, 9, 12, 22, 26, 29, 48, 51, 62, 65, 66, 69, 79, 84, 87, 97, 100, 102, 119, 123, 124, 127], "summary": {"covered_lines": 22, "num_statements": 25, "percent_covered": 88.0, "percent_covered_display": "88", "missing_lines": 3, "excluded_lines": 0}, "missing_lines": [23, 63, 98], "excluded_lines": [], "functions": {"expect_idk": {"executed_lines": [22, 26, 29, 48], "summary": {"covered_lines": 4, "num_statements": 5, "percent_covered": 80.0, "percent_covered_display": "80", "missing_lines": 1, "excluded_lines": 0}, "missing_lines": [23], "excluded_lines": []}, "contains_any": {"executed_lines": [62, 65, 66], "summary": {"covered_lines": 3, "num_statements": 4, "percent_covered": 75.0, "percent_covered_display": "75", "missing_lines": 1, "excluded_lines": 0}, "missing_lines": [63], "excluded_lines": []}, "contains_banned_tokens": {"executed_lines": [79, 84], "summary": {"covered_lines": 2, "num_statements": 2, "percent_covered": 100.0, "percent_covered_display": "100", "missing_lines": 0, "excluded_lines": 0}, "missing_lines": [], "excluded_lines": []}, "is_safety_refusal": {"executed_lines": [97, 100, 102, 119], "summary": {"covered_lines": 4, "num_statements": 5, "percent_covered": 80.0, "percent_covered_display": "80", "missing_lines": 1, "excluded_lines": 0}, "missing_lines": [98], "excluded_lines": []}, "": {"executed_lines": [1, 8, 9, 12, 51, 69, 87, 123, 124, 127], "summary": {"covered_lines": 9, "num_statements": 9, "percent_covered": 100.0, "percent_covered_display": "100", "missing_lines": 0, "excluded_lines": 0}, "missing_lines": [], "excluded_lines": []}}, "classes": {"": {"executed_lines": [1, 8, 9, 12, 22, 26, 29, 48, 51, 62, 65, 66, 69, 79, 84, 87, 97, 100, 102, 119, 123, 124, 127], "summary": {"covered_lines": 22, "num_statements": 25, "percent_covered": 88.0, "percent_covered_display": "88", "missing_lines": 3, "excluded_lines": 0}, "missing_lines": [23, 63, 98], "excluded_lines": []}}}, "apps/utils/__init__.py": {"executed_lines": [], "summary": {"covered_lines": 0, "num_statements": 0, "percent_covered": 100.0, "percent_covered_display": "100", "missing_lines": 0, "excluded_lines": 0}, "missing_lines": [], "excluded_lines": [], "functions": {"": {"executed_lines": [], "summary": {"covered_lines": 0, "num_statements": 0, "percent_covered": 100.0, "percent_covered_display": "100", "missing_lines": 0, "excluded_lines": 0}, "missing_lines": [], "excluded_lines": []}}, "classes": {"": {"executed_lines": [], "summary": {"covered_lines": 0, "num_statements": 0, "percent_covered": 100.0, "percent_covered_display": "100", "missing_lines": 0, "excluded_lines": 0}, "missing_lines": [], "excluded_lines": []}}}, "apps/utils/hash_utils.py": {"executed_lines": [], "summary": {"covered_lines": 0, "num_statements": 11, "percent_covered": 0.0, "percent_covered_display": "0", "missing_lines": 11, "excluded_lines": 0}, "missing_lines": [3, 4, 7, 17, 18, 21, 24, 26, 29, 42, 43], "excluded_lines": [], "functions": {"normalize_query": {"executed_lines": [], "summary": {"covered_lines": 0, "num_statements": 5, "percent_covered": 0.0, "percent_covered_display": "0", "missing_lines": 5, "excluded_lines": 0}, "missing_lines": [17, 18, 21, 24, 26], "excluded_lines": []}, "query_hash": {"executed_lines": [], "summary": {"covered_lines": 0, "num_statements": 2, "percent_covered": 0.0, "percent_covered_display": "0", "missing_lines": 2, "excluded_lines": 0}, "missing_lines": [42, 43], "excluded_lines": []}, "": {"executed_lines": [], "summary": {"covered_lines": 0, "num_statements": 4, "percent_covered": 0.0, "percent_covered_display": "0", "missing_lines": 4, "excluded_lines": 0}, "missing_lines": [3, 4, 7, 29], "excluded_lines": []}}, "classes": {"": {"executed_lines": [], "summary": {"covered_lines": 0, "num_statements": 11, "percent_covered": 0.0, "percent_covered_display": "0", "missing_lines": 11, "excluded_lines": 0}, "missing_lines": [3, 4, 7, 17, 18, 21, 24, 26, 29, 42, 43], "excluded_lines": []}}}, "apps/utils/json_utils.py": {"executed_lines": [], "summary": {"covered_lines": 0, "num_statements": 24, "percent_covered": 0.0, "percent_covered_display": "0", "missing_lines": 24, "excluded_lines": 0}, "missing_lines": [3, 4, 7, 20, 21, 22, 23, 26, 39, 40, 41, 42, 45, 56, 57, 58, 59, 62, 73, 74, 76, 77, 78, 79], "excluded_lines": [], "functions": {"to_json": {"executed_lines": [], "summary": {"covered_lines": 0, "num_statements": 4, "percent_covered": 0.0, "percent_covered_display": "0", "missing_lines": 4, "excluded_lines": 0}, "missing_lines": [20, 21, 22, 23], "excluded_lines": []}, "from_json": {"executed_lines": [], "summary": {"covered_lines": 0, "num_statements": 4, "percent_covered": 0.0, "percent_covered_display": "0", "missing_lines": 4, "excluded_lines": 0}, "missing_lines": [39, 40, 41, 42], "excluded_lines": []}, "safe_json_serialize": {"executed_lines": [], "summary": {"covered_lines": 0, "num_statements": 4, "percent_covered": 0.0, "percent_covered_display": "0", "missing_lines": 4, "excluded_lines": 0}, "missing_lines": [56, 57, 58, 59], "excluded_lines": []}, "safe_json_deserialize": {"executed_lines": [], "summary": {"covered_lines": 0, "num_statements": 6, "percent_covered": 0.0, "percent_covered_display": "0", "missing_lines": 6, "excluded_lines": 0}, "missing_lines": [73, 74, 76, 77, 78, 79], "excluded_lines": []}, "": {"executed_lines": [], "summary": {"covered_lines": 0, "num_statements": 6, "percent_covered": 0.0, "percent_covered_display": "0", "missing_lines": 6, "excluded_lines": 0}, "missing_lines": [3, 4, 7, 26, 45, 62], "excluded_lines": []}}, "classes": {"": {"executed_lines": [], "summary": {"covered_lines": 0, "num_statements": 24, "percent_covered": 0.0, "percent_covered_display": "0", "missing_lines": 24, "excluded_lines": 0}, "missing_lines": [3, 4, 7, 20, 21, 22, 23, 26, 39, 40, 41, 42, 45, 56, 57, 58, 59, 62, 73, 74, 76, 77, 78, 79], "excluded_lines": []}}}}, "totals": {"covered_lines": 69, "num_statements": 565, "percent_covered": 12.212389380530974, "percent_covered_display": "12", "missing_lines": 496, "excluded_lines": 0}}